(patryk): init->patryk (10:03:45) 
(patryk): ->patryk (10:03:51) 
(patryk): ->patryk (10:05:33) 
(patryk): ->patryk (10:05:36) 
(patryk): ->patryk (10:05:37) 
(patryk): send butterfly.jpg->patryk (10:05:41) 
(patryk): ->patryk (10:05:47) 
(patryk): ->patryk (10:05:47) 
(patryk): ->patryk (10:05:51) 
(patryk): ->patryk (10:07:30) 
(guillaume): ->guillaume (10:07:34) 
(guillaume): salut->guillaume (10:07:36) 
(patryk): ->patryk (10:08:11) 
(patryk): szdd->patryk (10:08:17) 
(patryk): ft->patryk (10:08:18) 
(patryk): t->patryk (10:08:18) 
(patryk): ->patryk (10:08:18) 
(patryk): t->patryk (10:08:19) 
(efef): ->efef (10:08:19) 
(efef): tt->efef (10:08:20) 
(efef): ->efef (10:08:20) 
(efef): t->efef (10:08:20) 
(efef): t->efef (10:08:20) 
(efef): t->efef (10:08:20) 
(efef): ->efef (10:08:21) 
(patryk): send pg.png->patryk (10:08:34) 
(patryk): ->patryk (10:08:40) 
(patryk): senf flower.jpg->patryk (10:08:45) 
(patryk): ->patryk (10:08:46) 
(patryk): ->patryk (10:08:46) 
(patryk): send flower.jpg->patryk (10:08:51) 
(patryk): ->patryk (10:08:53) 
(patryk): send flower.png->patryk (10:08:58) 
(zddd): send flower.jpg->zddd (10:12:01) 
(zddd): send flower.png->zddd (10:12:08) 
(zdzd): send sample1.txt->zdzd (10:13:12) 
(zdzd): ->zdzd (10:13:15) 
(zdzd): send sss.txt->zdzd (10:13:29) 
(zdzd): ->zdzd (10:13:30) 
(patryk): ->patryk (10:15:51) 
(patryk): ->patryk (10:15:51) 
(patryk): send sss.txt->patryk (10:16:09) 
(patryk): ->patryk (10:16:11) 
(patryk): send flower.jpg->patryk (10:16:29) 
(patryk): send flower.png->patryk (10:16:44) 
(patryk): ->patryk (10:16:44) 
(patryk): ->patryk (10:17:02) 
(patryk): ->patryk (10:17:02) 
(patryk): send butterfly.jpg->patryk (10:17:33) 
(patryk): ->patryk (10:17:33) 
(patryk): send image1.jpeg->patryk (10:17:59) 
(patryk): send imm.png->patryk (10:18:25) 
(patryk): send fak.jpg->patryk (10:18:36) 
(patryk): ->patryk (10:20:10) 
(patryk): salut->patryk (10:20:11) 
(patryk): ->patryk (10:20:11) 
(patryk): send butterfly.jpg->patryk (10:20:27) 
(patryk): ->patryk (10:20:28) 
(patryk): send flower.jpg->patryk (10:20:42) 
(patryk): ->patryk (10:20:44) 
(patryk): send pg.png->patryk (10:20:48) 
(patryk): ->patryk (10:20:48) 
(patryk): send butterfly.jpg->patryk (10:20:55) 
(ppp): send butterfly.jpg->ppp (10:21:17) 
(ppp): ->ppp (10:21:27) 
(ppp): ->ppp (10:21:28) 
(ppp): ->ppp (10:21:29) 
(ppp): send butterfly.jpg->ppp (10:21:44) 
